demo/UHFR/app/build/intermediates/manifest_merge_blame_file/debug/manifest-merger-blame-debug-report.txt
1<?xml version="1.0" encoding="utf-8"?>
2<manifest xmlns:android="http://schemas.android.com/apk/res/android"
3    package="com.handheld.uhfr"
4    android:versionCode="11"
5    android:versionName="2.2" >
6
7    <uses-sdk
8        android:minSdkVersion="19"
8-->src\main\AndroidManifest.xml
9        android:targetSdkVersion="28" />
9-->src\main\AndroidManifest.xml
10
11    <!-- 往sdcard中写入数据的权限 -->
12    <uses-permission android:name="android.permission.WRITE_EXTERNAL_STORAGE" />
12-->src\main\AndroidManifest.xml:10:5-81
12-->src\main\AndroidManifest.xml:10:22-78
13    <!-- 在sdcard中创建/删除文件的权限 -->
14    <uses-permission android:name="android.permission.MOUNT_UNMOUNT_FILESYSTEMS" />
14-->src\main\AndroidManifest.xml:12:5-13:47
14-->src\main\AndroidManifest.xml:12:22-81
15    <uses-permission android:name="android.permission.INTERNET" />
15-->src\main\AndroidManifest.xml:14:5-67
15-->src\main\AndroidManifest.xml:14:22-64
16    <uses-permission android:name="android.permission.ACCESS_NETWORK_STATE" />
16-->src\main\AndroidManifest.xml:15:5-79
16-->src\main\AndroidManifest.xml:15:22-76
17
18    <application
18-->src\main\AndroidManifest.xml:18:5-35:19
19        android:allowBackup="true"
19-->src\main\AndroidManifest.xml:19:9-35
20        android:appComponentFactory="android.support.v4.app.CoreComponentFactory"
20-->[com.android.support:support-compat:28.0.0] AndroidManifest.xml:22:18-91
21        android:debuggable="true"
22        android:icon="@drawable/uhf_r"
22-->src\main\AndroidManifest.xml:20:9-39
23        android:label="@string/app_name"
23-->src\main\AndroidManifest.xml:21:9-41
24        android:screenOrientation="portrait"
24-->src\main\AndroidManifest.xml:23:9-45
25        android:testOnly="true"
26        android:theme="@style/AppTheme"
26-->src\main\AndroidManifest.xml:22:9-40
27        android:usesCleartextTraffic="true" >
27-->src\main\AndroidManifest.xml:24:9-44
28        <activity
28-->src\main\AndroidManifest.xml:26:9-34:20
29            android:name="com.handheld.uhfrdemo.MainActivity"
29-->src\main\AndroidManifest.xml:28:13-62
30            android:configChanges="keyboardHidden|orientation|screenSize"
30-->src\main\AndroidManifest.xml:27:13-74
31            android:label="@string/app_name" >
31-->src\main\AndroidManifest.xml:29:13-45
32            <intent-filter>
32-->src\main\AndroidManifest.xml:30:13-33:29
33                <action android:name="android.intent.action.MAIN" />
33-->src\main\AndroidManifest.xml:31:17-69
33-->src\main\AndroidManifest.xml:31:25-66
34
35                <category android:name="android.intent.category.LAUNCHER" />
35-->src\main\AndroidManifest.xml:32:17-77
35-->src\main\AndroidManifest.xml:32:27-74
36            </intent-filter>
37        </activity>
38    </application>
39
40</manifest>